[ 2016-10-28T10:57:48+08:00 ] 127.0.0.1 /
INFO: [ app_init ] --START--
INFO: Run Behavior\BuildLiteBehavior [ RunTime:0.000034s ]
INFO: [ app_init ] --END-- [ RunTime:0.013880s ]
INFO: [ app_begin ] --START--
INFO: Run Behavior\ReadHtmlCacheBehavior [ RunTime:0.017805s ]
INFO: [ app_begin ] --END-- [ RunTime:0.017946s ]
SQL: SHOW COLUMNS FROM `article` [ RunTime:0.0841s ]
SQL: SELECT * FROM `article` WHERE ( is_delete='0' ) ORDER BY add_time desc LIMIT 3   [ RunTime:0.0100s ]
SQL: SELECT * FROM `article` WHERE ( is_delete='0' ) ORDER BY praises desc LIMIT 5   [ RunTime:0.0005s ]
SQL: SHOW COLUMNS FROM `category` [ RunTime:0.0098s ]
SQL: SELECT * FROM `category`  [ RunTime:0.0003s ]
INFO: [ view_parse ] --START--
INFO: [ template_filter ] --START--
INFO: Run Behavior\ContentReplaceBehavior [ RunTime:0.000108s ]
INFO: [ template_filter ] --END-- [ RunTime:0.000160s ]
INFO: Run Behavior\ParseTemplateBehavior [ RunTime:0.169275s ]
INFO: [ view_parse ] --END-- [ RunTime:0.169429s ]
INFO: [ view_filter ] --START--
INFO: Run Behavior\WriteHtmlCacheBehavior [ RunTime:0.016422s ]
INFO: [ view_filter ] --END-- [ RunTime:0.016780s ]
INFO: [ app_end ] --START--
INFO: Run Behavior\ShowPageTraceBehavior [ RunTime:0.031921s ]
INFO: [ app_end ] --END-- [ RunTime:0.032002s ]

[ 2016-10-28T10:57:53+08:00 ] 127.0.0.1 /index.php/Home/Index/details.html?id=24
INFO: [ app_init ] --START--
INFO: Run Behavior\BuildLiteBehavior [ RunTime:0.000010s ]
INFO: [ app_init ] --END-- [ RunTime:0.000287s ]
INFO: [ app_begin ] --START--
INFO: Run Behavior\ReadHtmlCacheBehavior [ RunTime:0.000725s ]
INFO: [ app_begin ] --END-- [ RunTime:0.000800s ]
SQL: SHOW COLUMNS FROM `article` [ RunTime:0.0161s ]
SQL: UPDATE `article` SET `art_read`=art_read+1 WHERE ( art_id = 24 ) [ RunTime:0.0477s ]
SQL: SELECT * FROM `article` WHERE ( art_id = 24 ) LIMIT 1   [ RunTime:0.0006s ]
SQL: SHOW COLUMNS FROM `comment` [ RunTime:0.0200s ]
SQL: SELECT * FROM `comment` WHERE ( art_id = 24 ) ORDER BY comment_time desc LIMIT 3   [ RunTime:0.0003s ]
SQL: SHOW COLUMNS FROM `category` [ RunTime:0.0052s ]
SQL: SELECT * FROM `category`  [ RunTime:0.0004s ]
SQL: SELECT * FROM `article` WHERE ( is_delete='0' ) ORDER BY praises desc LIMIT 5   [ RunTime:0.0004s ]
INFO: [ view_parse ] --START--
INFO: [ template_filter ] --START--
INFO: Run Behavior\ContentReplaceBehavior [ RunTime:0.000061s ]
INFO: [ template_filter ] --END-- [ RunTime:0.000100s ]
INFO: Run Behavior\ParseTemplateBehavior [ RunTime:0.033287s ]
INFO: [ view_parse ] --END-- [ RunTime:0.033400s ]
INFO: [ view_filter ] --START--
INFO: Run Behavior\WriteHtmlCacheBehavior [ RunTime:0.000812s ]
INFO: [ view_filter ] --END-- [ RunTime:0.000875s ]
INFO: [ app_end ] --START--
INFO: Run Behavior\ShowPageTraceBehavior [ RunTime:0.000938s ]
INFO: [ app_end ] --END-- [ RunTime:0.001033s ]

[ 2016-10-28T10:57:54+08:00 ] 127.0.0.1 /index.php/Home/Index/tell.html?id=24
INFO: [ app_init ] --START--
INFO: Run Behavior\BuildLiteBehavior [ RunTime:0.000012s ]
INFO: [ app_init ] --END-- [ RunTime:0.000497s ]
INFO: [ app_begin ] --START--
INFO: Run Behavior\ReadHtmlCacheBehavior [ RunTime:0.000510s ]
INFO: [ app_begin ] --END-- [ RunTime:0.000555s ]
SQL: SHOW COLUMNS FROM `comment` [ RunTime:0.0044s ]
SQL: SELECT * FROM `comment` WHERE ( art_id = 24 ) ORDER BY comment_time desc LIMIT 5   [ RunTime:0.0005s ]
INFO: [ app_end ] --START--
INFO: Run Behavior\ShowPageTraceBehavior [ RunTime:0.000493s ]
INFO: [ app_end ] --END-- [ RunTime:0.000540s ]

[ 2016-10-28T10:57:55+08:00 ] 127.0.0.1 /index.php/Home/Index/read.html?id=24
INFO: [ app_init ] --START--
INFO: Run Behavior\BuildLiteBehavior [ RunTime:0.000018s ]
INFO: [ app_init ] --END-- [ RunTime:0.000513s ]
INFO: [ app_begin ] --START--
INFO: Run Behavior\ReadHtmlCacheBehavior [ RunTime:0.000579s ]
INFO: [ app_begin ] --END-- [ RunTime:0.000636s ]
SQL: SHOW COLUMNS FROM `article` [ RunTime:0.0044s ]
SQL: SELECT `art_read` FROM `article` WHERE ( art_id='24' ) LIMIT 1   [ RunTime:0.0005s ]
INFO: [ app_end ] --START--
INFO: Run Behavior\ShowPageTraceBehavior [ RunTime:0.000630s ]
INFO: [ app_end ] --END-- [ RunTime:0.000686s ]

